<?xml version="1.0" encoding="UTF-8"?>
<!-- Generated by org.testng.reporters.JUnitReportReporter -->
<testsuite skipped="0" hostname="LAPTOP-MPU3NKTT" name="com.Tests.testngnew" tests="1" failures="0" timestamp="2020-02-21T12:36:39 IST" time="12.712" errors="0">
  <testcase name="newsamplw" time="12.712" classname="com.Tests.testngnew"/>
</testsuite> <!-- com.Tests.testngnew -->
