<?xml version="1.0" encoding="UTF-8"?>
<!-- Generated by org.testng.reporters.JUnitReportReporter -->
<testsuite skipped="0" hostname="LAPTOP-MPU3NKTT" name="com.Tests.TitanWeb" tests="2" failures="0" timestamp="2020-02-25T18:57:43 IST" time="15.211" errors="0">
  <testcase name="navigatetoWebandvalidateTitle" time="13.339" classname="com.Tests.TitanWeb"/>
  <testcase name="login" time="1.872" classname="com.Tests.TitanWeb"/>
</testsuite> <!-- com.Tests.TitanWeb -->
