<?xml version="1.0" encoding="UTF-8"?>
<!-- Generated by org.testng.reporters.JUnitReportReporter -->
<testsuite skipped="0" hostname="LAPTOP-MPU3NKTT" name="com.Tests.TitanAPI" tests="2" failures="0" timestamp="2020-03-18T20:31:20 IST" time="5.501" errors="0">
  <testcase name="getAccesscode" time="3.158" classname="com.Tests.TitanAPI"/>
  <testcase name="createLeadinSF" time="2.343" classname="com.Tests.TitanAPI"/>
</testsuite> <!-- com.Tests.TitanAPI -->
