<?xml version="1.0" encoding="UTF-8"?>
<!-- Generated by org.testng.reporters.JUnitReportReporter -->
<testsuite skipped="1" hostname="LAPTOP-MPU3NKTT" name="com.Tests.TitanAPI" tests="2" failures="0" timestamp="2020-02-25T18:57:43 IST" time="5.996" errors="0">
  <testcase name="getAccesscode" time="5.996" classname="com.Tests.TitanAPI"/>
  <testcase name="createLeadinSF" classname="com.Tests.TitanAPI">
    <skipped/>
  </testcase> <!-- createLeadinSF -->
</testsuite> <!-- com.Tests.TitanAPI -->
