<?xml version="1.0" encoding="UTF-8"?>
<!-- Generated by org.testng.reporters.JUnitReportReporter -->
<testsuite skipped="0" hostname="LAPTOP-MPU3NKTT" name="com.Tests.TitanWeb" tests="2" failures="0" timestamp="2020-03-11T16:33:52 IST" time="36.245" errors="0">
  <testcase name="navigatetoWebandvalidateTitle" time="29.485" classname="com.Tests.TitanWeb"/>
  <testcase name="login" time="6.760" classname="com.Tests.TitanWeb"/>
</testsuite> <!-- com.Tests.TitanWeb -->
