<?xml version="1.0" encoding="UTF-8"?>
<!-- Generated by org.testng.reporters.JUnitReportReporter -->
<testsuite skipped="0" hostname="LAPTOP-MPU3NKTT" name="com.Tests.TitanWeb" tests="2" failures="0" timestamp="2020-03-18T20:31:20 IST" time="21.738" errors="0">
  <testcase name="navigatetoWebandvalidateTitle" time="14.533" classname="com.Tests.TitanWeb"/>
  <testcase name="login" time="7.205" classname="com.Tests.TitanWeb"/>
</testsuite> <!-- com.Tests.TitanWeb -->
